                            Memory Type Usage Summary                             
+--------------------------------------------------------------------------------+
| Memory Type/Section | Used [bytes] | Used [%] | Remain [bytes] | Total [bytes] |
|---------------------+--------------+----------+----------------+---------------|
| Flash Code          |       101994 |     1.22 |        8286582 |       8388576 |
|    .text            |       101994 |     1.22 |                |               |
| DIRAM               |        52820 |    15.46 |         288940 |        341760 |
|    .text            |        39735 |    11.63 |                |               |
|    .data            |        10604 |      3.1 |                |               |
|    .bss             |         2280 |     0.67 |                |               |
| Flash Data          |        43608 |     0.13 |       33510792 |      33554400 |
|    .rodata          |        43352 |     0.13 |                |               |
|    .appdesc         |          256 |      0.0 |                |               |
| IRAM                |        16383 |    99.99 |              1 |         16384 |
|    .text            |        15356 |    93.73 |                |               |
|    .vectors         |         1027 |     6.27 |                |               |
| RTC FAST            |          280 |     3.42 |           7912 |          8192 |
|    .rtc_reserved    |           24 |     0.29 |                |               |
+--------------------------------------------------------------------------------+
C:\Users\APR\.espressif\python_env\idf5.4_py3.12_env\Scripts\python.exe C:\Users\APR\Documents\esp-idf-5.1.3\components\partition_table\gen_esp32part.py C:\Users\APR\eclipse-workspace\ledc_basic\build\partition_table\partition-table.bin
Total time taken to build the project: 8,676 ms